### ISSUE TITLE
Segmentation Fault: 11 on macOS Sierra

### ISSUE THREAD

**Issue by JULWAL1** [tox-dev/pipdeptree#649]
### What pipdeptree version are you using?

4.2.0

### Are you running pipdeptree in a virtual environment?

No

### Describe the problem

Hi.

My setup is as follows:

I have Python 3.13 and Python 3.14 installed via MacPorts (and a custom version of Python 3.14 built and installed in it's own directory, separate from everything else) on both macOS Sierra and macOS Catalina.  

Over the past year or two, I installed pipdeptree via PyIP/pip for each installation of Python and have had no issues at all with the updates until this latest version 4.2.0 wrt macOS Sierra.

On macOS Catalina, I have no problems running pipdeptree 4.2.0 on Python 3.13, 3.14 (and my custom Python 3.14) with the latest updates to nab-index, nab-resolver, nab-python (version 0.0.12) installed via pip.

On macOS Sierra , I can only run a locally-built pipdeptree 4.2.0 on Python 3.13 with no issues.

However, on the other hand, when I upgraded pipdeptree from version 4.1.0 to 4.2.0 (also locally-built as there is no pre-built binary or compatible wheel available as far as I can tell) on Python 3.14 (and my custom Python 3.14) - I get this error:  "Segmentation fault: 11"

So, for the time-being I have downgraded pipdeptree back to version 4.1.0 on macOS Sierra for Python 3.14 (and my custom installation of Python 3.14) and just left the pipdeptree for Python 3.13 at version 4.2.0, as it works ok.

Before I forget, I also have a custom installation of rustc and cargo installed on macOS Sierra (as the MacPorts versions are capped at 1.78.0 and 0.79.0 respectively).  The custom versions I have installed are:  rustc 1.92.0-dev and cargo 1.92.0-dev, which are both working fine, as I can build the newer MacPorts py-* ports which are moving towards rustc/cargo.

Question: Is there a known issue with pipdeptree 4.2.0 for legacy macOS with Python 3.14?

And why can I run pipdeptree 4.2.0 on python 3.13 on macOS Sierra with no "Segmentation Fault: 11" error but on python 3.14 I get the "Segmentation Fault: 11" error?

The pipdeptree installations for python 3.13 and python 3.14 on macOS Sierra are in:

/opt/local/Library/Frameworks/Python.framework/Versions/3.13/lib/python3.13/site-packages/pipdeptree 
/opt/local/Library/Frameworks/Python.framework/Versions/3.13/lib/python3.13/site-packages/pipdeptree-4.2.0.dist-info 

/opt/local/Library/Frameworks/Python.framework/Versions/3.14/lib/python3.14/site-packages/pipdeptree 
/opt/local/Library/Frameworks/Python.framework/Versions/3.14/lib/python3.14/site-packages/pipdeptree-4.1.0.dist-info

And on macOS Catalina:

/opt/local/Library/Frameworks/Python.framework/Versions/3.13/lib/python3.13/site-packages/pipdeptree 
/opt/local/Library/Frameworks/Python.framework/Versions/3.13/lib/python3.13/site-packages/pipdeptree-4.2.0.dist-info 

/opt/local/Library/Frameworks/Python.framework/Versions/3.14/lib/python3.14/site-packages/pipdeptree 
/opt/local/Library/Frameworks/Python.framework/Versions/3.14/lib/python3.14/site-packages/pipdeptree-4.2.0.dist-info 

I would like to know if this is a bug or if it is something to do with my setup...

Any help/feedback would be appreciated.

Thanks.

PS:  If it's of any use, I have included some diagnostic info below.

```
$ python3.14 -X faulthandler -c "import pipdeptree; print('import ok')"
import ok


$ python3.14 -X faulthandler -m pipdeptree --version
Fatal Python error: Segmentation fault

Current thread 0x000000010c7083c0 (most recent call first):
  File "/opt/local/Library/Frameworks/Python.framework/Versions/3.14/lib/python3.14/site-packages/pipdeptree/_runner.py", line 24 in main
  File "/opt/local/Library/Frameworks/Python.framework/Versions/3.14/lib/python3.14/site-packages/pipdeptree/__main__.py", line 8 in <module>
  File "<frozen runpy>", line 88 in _run_code
  File "<frozen runpy>", line 203 in _run_module_as_main

Current thread's C stack trace (most recent call first):
  <system returned no stack trace>
Segmentation fault: 11     python3.14 -X faulthandler -m pipdeptree --version



$ python3.14 -X faulthandler -c '
from pipdeptree._rust import execute
print("calling")
execute([], color=False)
'
calling
Fatal Python error: Segmentation fault

Current thread 0x0000000103d8d3c0 (most recent call first):
  File "<string>", line 4 in <module>

Current thread's C stack trace (most recent call first):
  <system returned no stack trace>
Segmentation fault: 11     python3.14 -X faulthandler -c '
from pipdeptree._rust import execute
print("calling")
execute([], color=False)
'


$ python3.14 -m pip debug
WARNING: This command is only meant for debugging. Do not use this with automation for parsing and getting these details, since the output and options of this command may change without notice.
pip version: pip 26.2 from /opt/local/Library/Frameworks/Python.framework/Versions/3.14/lib/python3.14/site-packages/pip (python 3.14)
sys.version: 3.14.6 (main, Jun 10 2026, 15:39:36) [Clang 9.0.0 (clang-900.0.39.2)]
sys.executable: /opt/local/bin/python3.14
sys.getdefaultencoding: utf-8
sys.getfilesystemencoding: utf-8
locale.getencoding: UTF-8
sys.platform: darwin
sys.implementation:
  name: cpython
'cert' config value: Not specified
REQUESTS_CA_BUNDLE: None
CURL_CA_BUNDLE: None
pip._vendor.certifi.where(): /opt/local/Library/Frameworks/Python.framework/Versions/3.14/lib/python3.14/site-packages/pip/_vendor/certifi/cacert.pem
pip._vendor.DEBUNDLED: False
vendored library versions:
  CacheControl==0.14.4 (Unable to locate actual module version, using vendor.txt specified version)
  distlib==0.4.2
  distro==1.9.0
  msgpack==1.1.2
  packaging==26.2
  platformdirs==4.10.0
  pyproject-hooks==1.2.0
  requests==2.34.2
  certifi==2026.06.17
  idna==3.18
  urllib3==2.7.0
  rich==14.2.0 (Unable to locate actual module version, using vendor.txt specified version)
  pygments==2.20.0
  resolvelib==1.2.1
  setuptools==70.3.0 (Unable to locate actual module version, using vendor.txt specified version)
  tomli==2.4.1
  tomli-w==1.2.0
  truststore==0.10.4
Compatible tags: 1691
  cp314-cp314-macosx_10_12_x86_64
  cp314-cp314-macosx_10_12_intel
  cp314-cp314-macosx_10_12_fat64
  cp314-cp314-macosx_10_12_fat32
  cp314-cp314-macosx_10_12_universal2
  cp314-cp314-macosx_10_12_universal
  cp314-cp314-macosx_10_11_x86_64
  cp314-cp314-macosx_10_11_intel
  cp314-cp314-macosx_10_11_fat64
  cp314-cp314-macosx_10_11_fat32
  ...
  [First 10 tags shown. Pass --verbose to show all.]


$ rustc --version 
rustc 1.92.0-dev

$cargo --version
cargo 1.92.0-dev (344c4567c 2025-10-21)


$ lldb -- python3.14 -m pipdeptree --version
(lldb) target create "python3.14"
Current executable set to 'python3.14' (x86_64).
(lldb) settings set -- target.run-args  "-m" "pipdeptree" "--version"
(lldb) settings set -- target.run-args "-m" "pipdeptree" "--version"
(lldb) run
Process 58796 launched: '/opt/local/bin/python3.14' (x86_64)
Process 58796 stopped
* thread #2, stop reason = exec
    frame #0: 0x0000000100005000 dyld`_dyld_start
dyld`_dyld_start:
->  0x100005000 <+0>: popq   %rdi
    0x100005001 <+1>: pushq  $0x0
    0x100005003 <+3>: movq   %rsp, %rbp
    0x100005006 <+6>: andq   $-0x10, %rsp
Target 0: (Python) stopped.
(lldb) continue
Process 58796 resuming
Process 58796 stopped
* thread #2, queue = 'com.apple.main-thread', stop reason = EXC_BAD_ACCESS (code=1, address=0x7)
    frame #0: 0x0000000100984a31 Python`PyUnicode_AsUTF8AndSize + 40
Python`PyUnicode_AsUTF8AndSize:
->  0x100984a31 <+40>: movq   0x8(%rbx), %rax
    0x100984a35 <+44>: testb  $0x10, 0xab(%rax)
    0x100984a3c <+51>: je     0x100984c8f               ; <+646>
    0x100984a42 <+57>: movl   0x20(%rbx), %eax
Target 0: (Python) stopped.
(lldb) bt
* thread #2, queue = 'com.apple.main-thread', stop reason = EXC_BAD_ACCESS (code=1, address=0x7)
  * frame #0: 0x0000000100984a31 Python`PyUnicode_AsUTF8AndSize + 40
    frame #1: 0x000000010956a886 _rust.cpython-314-darwin.so`___lldb_unnamed_symbol3689$$_rust.cpython-314-darwin.so + 38
    frame #2: 0x00000001093a4c47 _rust.cpython-314-darwin.so`___lldb_unnamed_symbol765$$_rust.cpython-314-darwin.so + 375
    frame #3: 0x000000010931962e _rust.cpython-314-darwin.so`___lldb_unnamed_symbol134$$_rust.cpython-314-darwin.so + 78
    frame #4: 0x00000001093a4632 _rust.cpython-314-darwin.so`___lldb_unnamed_symbol757$$_rust.cpython-314-darwin.so + 82
    frame #5: 0x00000001093a4a04 _rust.cpython-314-darwin.so`___lldb_unnamed_symbol761$$_rust.cpython-314-darwin.so + 84
    frame #6: 0x0000000100862cac Python`PyObject_Vectorcall + 82
    frame #7: 0x0000000100ad2a63 Python`_PyEval_EvalFrameDefault + 40811
    frame #8: 0x0000000100ac8850 Python`_PyEval_Vector + 261
    frame #9: 0x0000000100ac86c1 Python`PyEval_EvalCode + 157
    frame #10: 0x0000000100ac0221 Python`builtin_exec + 2659
    frame #11: 0x0000000100862cac Python`PyObject_Vectorcall + 82
    frame #12: 0x0000000100acd09e Python`_PyEval_EvalFrameDefault + 17830
    frame #13: 0x0000000100ac8850 Python`_PyEval_Vector + 261
    frame #14: 0x0000000100be4ba0 Python`pymain_run_module + 227
    frame #15: 0x0000000100be2e03 Python`Py_RunMain + 1126
    frame #16: 0x0000000100be494f Python`pymain_main + 426
    frame #17: 0x0000000100be4ab7 Python`Py_BytesMain + 42
    frame #18: 0x00000001019a2235 libdyld.dylib`start + 1
    frame #19: 0x00000001019a2235 libdyld.dylib`start + 1
(lldb) thread backtrace all
* thread #2, queue = 'com.apple.main-thread', stop reason = EXC_BAD_ACCESS (code=1, address=0x7)
  * frame #0: 0x0000000100984a31 Python`PyUnicode_AsUTF8AndSize + 40
    frame #1: 0x000000010956a886 _rust.cpython-314-darwin.so`___lldb_unnamed_symbol3689$$_rust.cpython-314-darwin.so + 38
    frame #2: 0x00000001093a4c47 _rust.cpython-314-darwin.so`___lldb_unnamed_symbol765$$_rust.cpython-314-darwin.so + 375
    frame #3: 0x000000010931962e _rust.cpython-314-darwin.so`___lldb_unnamed_symbol134$$_rust.cpython-314-darwin.so + 78
    frame #4: 0x00000001093a4632 _rust.cpython-314-darwin.so`___lldb_unnamed_symbol757$$_rust.cpython-314-darwin.so + 82
    frame #5: 0x00000001093a4a04 _rust.cpython-314-darwin.so`___lldb_unnamed_symbol761$$_rust.cpython-314-darwin.so + 84
    frame #6: 0x0000000100862cac Python`PyObject_Vectorcall + 82
    frame #7: 0x0000000100ad2a63 Python`_PyEval_EvalFrameDefault + 40811
    frame #8: 0x0000000100ac8850 Python`_PyEval_Vector + 261
    frame #9: 0x0000000100ac86c1 Python`PyEval_EvalCode + 157
    frame #10: 0x0000000100ac0221 Python`builtin_exec + 2659
    frame #11: 0x0000000100862cac Python`PyObject_Vectorcall + 82
    frame #12: 0x0000000100acd09e Python`_PyEval_EvalFrameDefault + 17830
    frame #13: 0x0000000100ac8850 Python`_PyEval_Vector + 261
    frame #14: 0x0000000100be4ba0 Python`pymain_run_module + 227
    frame #15: 0x0000000100be2e03 Python`Py_RunMain + 1126
    frame #16: 0x0000000100be494f Python`pymain_main + 426
    frame #17: 0x0000000100be4ab7 Python`Py_BytesMain + 42
    frame #18: 0x00000001019a2235 libdyld.dylib`start + 1
    frame #19: 0x00000001019a2235 libdyld.dylib`start + 1
(lldb) register read
General Purpose Registers:
       rax = 0xd074bd6332a9005c
       rbx = 0xffffffffffffffff
       rcx = 0x0000000000000000
       rdx = 0x0000000000000001
       rdi = 0xffffffffffffffff
       rsi = 0x00007fff5fbfdae0
       rbp = 0x00007fff5fbfda50
       rsp = 0x00007fff5fbfd7e0
        r8 = 0x0000000107ebe2c0
        r9 = 0x0000000000000002
       r10 = 0x00007fff5fbfe428
       r11 = 0xfffffffffffff8e8
       r12 = 0x0000000000000001
       r13 = 0x0000000109678c60  
       r14 = 0x00007fff5fbfdae0
       r15 = 0x00007fff5fbfe420
       rip = 0x0000000100984a31  Python`PyUnicode_AsUTF8AndSize + 40
    rflags = 0x0000000000010202
        cs = 0x000000000000002b
        fs = 0x0000000000000000
        gs = 0x0000000000000000
(lldb) 


$ sudo pip3.14 install pipdeptree==4.2.0 --no-binary pipdeptree
Collecting pipdeptree==4.2.0
  Downloading pipdeptree-4.2.0.tar.gz (140 kB)
  Installing build dependencies ... done
  Getting requirements to build wheel ... done
  Preparing metadata (pyproject.toml) ... done
Requirement already satisfied: nab-index>=0.0.11 in /opt/local/Library/Frameworks/Python.framework/Versions/3.14/lib/python3.14/site-packages (from pipdeptree==4.2.0) (0.0.11)
Requirement already satisfied: nab-python>=0.0.11 in /opt/local/Library/Frameworks/Python.framework/Versions/3.14/lib/python3.14/site-packages (from pipdeptree==4.2.0) (0.0.11)
Requirement already satisfied: packaging>=24.0 in /opt/local/Library/Frameworks/Python.framework/Versions/3.14/lib/python3.14/site-packages (from nab-index>=0.0.11->pipdeptree==4.2.0) (26.2)
Requirement already satisfied: truststore>=0.10 in /opt/local/Library/Frameworks/Python.framework/Versions/3.14/lib/python3.14/site-packages (from nab-index>=0.0.11->pipdeptree==4.2.0) (0.10.4)
Requirement already satisfied: typing-extensions>=4.6 in /opt/local/Library/Frameworks/Python.framework/Versions/3.14/lib/python3.14/site-packages (from nab-index>=0.0.11->pipdeptree==4.2.0) (4.16.0)
Requirement already satisfied: urllib3>=2.0 in /opt/local/Library/Frameworks/Python.framework/Versions/3.14/lib/python3.14/site-packages (from nab-index>=0.0.11->pipdeptree==4.2.0) (2.7.0)
Requirement already satisfied: build>=1.2 in /opt/local/Library/Frameworks/Python.framework/Versions/3.14/lib/python3.14/site-packages (from nab-python>=0.0.11->pipdeptree==4.2.0) (1.5.1)
Requirement already satisfied: installer>=0.7 in /opt/local/Library/Frameworks/Python.framework/Versions/3.14/lib/python3.14/site-packages (from nab-python>=0.0.11->pipdeptree==4.2.0) (1.0.1)
Requirement already satisfied: nab-resolver==0.0.11 in /opt/local/Library/Frameworks/Python.framework/Versions/3.14/lib/python3.14/site-packages (from nab-python>=0.0.11->pipdeptree==4.2.0) (0.0.11)
Requirement already satisfied: pyproject-hooks>=1.2 in /opt/local/Library/Frameworks/Python.framework/Versions/3.14/lib/python3.14/site-packages (from nab-python>=0.0.11->pipdeptree==4.2.0) (1.2.0)
Requirement already satisfied: tomli-w>=1.2 in /opt/local/Library/Frameworks/Python.framework/Versions/3.14/lib/python3.14/site-packages (from nab-python>=0.0.11->pipdeptree==4.2.0) (1.2.0)
Requirement already satisfied: tomli>=2.0 in /opt/local/Library/Frameworks/Python.framework/Versions/3.14/lib/python3.14/site-packages (from nab-python>=0.0.11->pipdeptree==4.2.0) (2.4.1)
Building wheels for collected packages: pipdeptree
  Building wheel for pipdeptree (pyproject.toml) ... done
  Created wheel for pipdeptree: filename=pipdeptree-4.2.0-cp314-cp314-macosx_10_12_x86_64.whl size=1697662 sha256=9894febef5b6151d242d06228f1152e3a0465a8d67dad056f3c7adeb5248ebc7
  Stored in directory: /private/tmp/pip-ephem-wheel-cache-bwqf3c1p/wheels/6f/37/4b/c90fe8019edbf4e5facc42afe9206d731c2201cc013e61fec9
Successfully built pipdeptree
Installing collected packages: pipdeptree
Successfully installed pipdeptree-4.2.0

Note: Above, I was eliminating the new version of nab-index/python/resolver, but still got the "Segmentation fault: 11" error.


$ python3.14 -c "
import pipdeptree._rust
print(pipdeptree._rust.__dict__.keys())
"
dict_keys(['__name__', '__doc__', '__package__', '__loader__', '__spec__', '__file__', '__all__', 'engine', 'version', 'execute', 'render', 'render_with_mermaid', 'format_flags'])

```

**Comment by kemzeb** [comment]
Thanks for the detailed report! @gaborbernat may have a more accurate understanding of the issue as he provided the Rust extension implementation and build configuration.

Attempting to offer what could be the root cause, it is possible it could be an issue with changes to our build or an issue with the upstream Python-to-Rust bridge dependency called [pyo3](https://github.com/PyO3/pyo3).

Doing a [compare](https://github.com/tox-dev/pipdeptree/compare/4.1.0...4.2.0) between 4.1.0 and 4.2.0 (doing this seeing that 4.1.0 works when you built 3.14), it looks like the only relevant changes were with the _build.rs_ and _meson.build_ files. Currently I believe it could be one of the following:

- The way you build from source may no longer work with how we build for 4.2.0 (`uv build` should build a production wheel)
- Our upstream dependency pyo3 has a bug. We haven't upgraded it between 4.1.0 and 4.2.0, so it may not be the case. They did cut a new release today, and one of their PRs addresses an inconsistency  with how CPython for python 3.14 is implemented
- MacOS Sierra unsupported OS library calls (don't think this is the case since everything was fine for pipdeptree 4.1.0 and python 3.14)

**Comment by gaborbernat** [comment]
macOS Sierra (10.12) officially reached End of Life (EOL) on December 1, 2019. Given this is unrealistic to expect support for it.

**Comment by JULWAL1** [comment]
That’s quite an abrupt decision, but do you have a rough idea of where the problem lies - so that I can research a solution another way (maybe via help from an AI chatbot for example)?  MacPorts seems to be the only package manager supporting legacy macOS at present.

**Comment by gaborbernat** [comment]
Supporting OSs that is 7+ years dead is something that we just cannot allocate resources to support. My guess iss that some pyo3 bug :)

**Comment by JULWAL1** [comment]
Thanks for the feedback from both @kemzeb and @gaborbernat that I received in response to my original question.

After spending some time researching on this issue, I think I have figured out the Segmentation Fault: 11 error for pipdeptree 4.2.0 not working on macOS Sierra...

I started looking for the .whl wheels files for the two different versions of pipdeptree;  4.1.0 "the working version" (before the upgrade to 4.2.0) and 4.2.0 "the faulty version" (after upgrading to 4.2.0) on macOS Siera - both for python3.14 / pip 3.14.

They were hidden inside the folder /private/var/root/Library/Caches/pip/wheels/   - I suppose this is because I have been running: `sudo pip3.14 install --upgrade pipdeptree` every time an update came out.

I then decided to extract the contents and compare the differences, so I made two temporary folders in /tmp and extracted the contents of the .whl wheels files:

`$ mkdir -p /tmp/pd410 /tmp/pd420`

```
$ sudo unzip -q \
/private/var/root/Library/Caches/pip/wheels/6f/37/4b/c90fe8019edbf4e5facc42afe9206d731c2201cc013e61fec9/pipdeptree-4.2.0-cp314-cp314-macosx_10_12_x86_64.whl \
-d /tmp/pd420
```

```
$ sudo unzip -q \
/private/var/root/Library/Caches/pip/wheels/89/7a/80/65acccdb981170d9ed37ec82ba78cf7bfb34511e9612fe09a3/pipdeptree-4.1.0-cp314-abi3-macosx_10_12_x86_64.whl \
-d /tmp/pd410
```

I then compared the two folders with the unix diff utility in a bash terminal window:

`$ diff -ru /tmp/pd410 /tmp/pd420`
Binary files /tmp/pd410/.DS_Store and /tmp/pd420/.DS_Store differ
Only in /tmp/pd410/pipdeptree: _rust.abi3.so
Only in /tmp/pd420/pipdeptree: _rust.cpython-314-darwin.so
Only in /tmp/pd410: pipdeptree-4.1.0.dist-info
Only in /tmp/pd420: pipdeptree-4.2.0.dist-info

Also, I wanted to list the folder contents recursively;

`$ ls -lR /private/tmp/pd410 `
/private/tmp/pd410:
total 0
drwxr-xr-x  9 root  wheel  306  4 Aug 14:54 pipdeptree
drwxr-xr-x  7 root  wheel  238  4 Aug 14:54 pipdeptree-4.1.0.dist-info

/private/tmp/pd410/pipdeptree:
total 7608
-rw-r--r--  1 root  wheel     7011 21 Jul 13:10 __init__.py
-rw-r--r--  1 root  wheel      198 21 Jul 13:10 __main__.py
-rw-r--r--  1 root  wheel     1861 21 Jul 13:10 _runner.py
-rw-r--r--  1 root  wheel  3867804  1 Aug 18:20 _rust.abi3.so    **<—  X**
-rw-r--r--  1 root  wheel      502 21 Jul 13:10 _rust.pyi
-rw-r--r--  1 root  wheel        0 21 Jul 13:10 py.typed
-rw-r--r--  1 root  wheel      565 21 Jul 13:10 version.py

/private/tmp/pd410/pipdeptree-4.1.0.dist-info:
total 40
-rw-rw-r--  1 root  wheel  4153  1 Aug 18:20 METADATA
-rw-rw-r--  1 root  wheel   958  1 Aug 18:20 RECORD
-rw-rw-r--  1 root  wheel    94  1 Aug 18:20 WHEEL
-rw-rw-r--  1 root  wheel    56  1 Aug 18:20 entry_points.txt
drwxr-xr-x  3 root  wheel   102  4 Aug 14:54 licenses

/private/tmp/pd410/pipdeptree-4.1.0.dist-info/licenses:
total 8
-rw-r--r--  1 root  wheel  1064 21 Jul 13:10 LICENSE


`$ ls -lR /private/tmp/pd420 `
/private/tmp/pd420:
total 0
drwxr-xr-x  9 root  wheel  306  4 Aug 14:54 pipdeptree
drwxr-xr-x  7 root  wheel  238  4 Aug 14:54 pipdeptree-4.2.0.dist-info

/private/tmp/pd420/pipdeptree:
total 7624
-rw-r--r--  1 root  wheel     7011 31 Jul 22:06 __init__.py
-rw-r--r--  1 root  wheel      198 31 Jul 22:06 __main__.py
-rw-r--r--  1 root  wheel     1861 31 Jul 22:06 _runner.py
-rw-r--r--  1 root  wheel  3875844  1 Aug 10:18 _rust.cpython-314-darwin.so    **<—  Y**
-rw-r--r--  1 root  wheel      502 31 Jul 22:06 _rust.pyi
-rw-r--r--  1 root  wheel        0 31 Jul 22:06 py.typed
-rw-r--r--  1 root  wheel      565 31 Jul 22:06 version.py

/private/tmp/pd420/pipdeptree-4.2.0.dist-info:
total 40
-rw-rw-r--  1 root  wheel  4165  1 Aug 10:18 METADATA
-rw-rw-r--  1 root  wheel   972  1 Aug 10:18 RECORD
-rw-rw-r--  1 root  wheel    95  1 Aug 10:18 WHEEL
-rw-rw-r--  1 root  wheel    56  1 Aug 10:18 entry_points.txt
drwxr-xr-x  3 root  wheel   102  4 Aug 14:54 licenses

/private/tmp/pd420/pipdeptree-4.2.0.dist-info/licenses:
total 8
-rw-r--r--  1 root  wheel  1064 31 Jul 22:06 LICENSE


What I noticed is that pipdeptree 4.1.0 installs a _.abi3.so_  whereas pipdeptree 4.2.0 installs a _.cpython-314-darwin.so_ file for _rust;

**X:  pipdeptree 4.1.0 has:  _rust.abi3.so**

**Y:  pipdeptree 4.2.0 has:  _rust.cpython-314-darwin.so**


Decided to uninstall pipdeptree 4.2.0 for python 3.14 ("the faulty verson" on macOS Sierra).

`$ sudo python3.14 -m pip uninstall -y pipdeptree`
WARNING: The directory '/Users/joeblogs/Library/Caches/pip' or its parent directory is not owned or is not writable by the current user. The cache has been disabled. Check the permissions and owner of that directory. If executing pip with sudo, you should use sudo's -H flag.
Found existing installation: pipdeptree 4.2.0
Uninstalling pipdeptree-4.2.0:
  Successfully uninstalled pipdeptree-4.2.0
WARNING: Running pip as the 'root' user can result in broken permissions and conflicting behaviour with the system package manager, possibly rendering your system unusable. It is recommended to use a virtual environment instead: https://pip.pypa.io/warnings/venv. Use the --root-user-action option if you know what you are doing and want to suppress this warning.


Spending a bit of time looking through the source code, I saw some stuff to do with _python.allow_limited_api_ 

After taking a quick breather, I ran:

```
$ sudo python3.14 -m pip install \
    --no-cache-dir \
    --no-clean \
    --force-reinstall \
    --config-settings=setup-args=-Dpython.allow_limited_api=true \
    pipdeptree==4.2.0
```
Collecting pipdeptree==4.2.0
  Downloading pipdeptree-4.2.0.tar.gz (140 kB)
  Installing build dependencies ... done
  Getting requirements to build wheel ... done
  Preparing metadata (pyproject.toml) ... done
Collecting nab-index>=0.0.11 (from pipdeptree==4.2.0)
  Downloading nab_index-0.0.12-py3-none-any.whl.metadata (2.0 kB)
Collecting nab-python>=0.0.11 (from pipdeptree==4.2.0)
  Downloading nab_python-0.0.12-py3-none-any.whl.metadata (1.8 kB)
Collecting packaging>=24.0 (from nab-index>=0.0.11->pipdeptree==4.2.0)
  Downloading packaging-26.2-py3-none-any.whl.metadata (3.5 kB)
Collecting truststore>=0.10 (from nab-index>=0.0.11->pipdeptree==4.2.0)
  Downloading truststore-0.10.4-py3-none-any.whl.metadata (4.4 kB)
Collecting typing-extensions>=4.6 (from nab-index>=0.0.11->pipdeptree==4.2.0)
  Downloading typing_extensions-4.16.0-py3-none-any.whl.metadata (3.3 kB)
Collecting urllib3>=2.0 (from nab-index>=0.0.11->pipdeptree==4.2.0)
  Downloading urllib3-2.7.0-py3-none-any.whl.metadata (6.9 kB)
Collecting build>=1.2 (from nab-python>=0.0.11->pipdeptree==4.2.0)
  Downloading build-1.5.0-py3-none-any.whl.metadata (5.7 kB)
Collecting installer>=0.7 (from nab-python>=0.0.11->pipdeptree==4.2.0)
  Downloading installer-1.0.1-py3-none-any.whl.metadata (1.2 kB)
Collecting nab-resolver==0.0.12 (from nab-python>=0.0.11->pipdeptree==4.2.0)
  Downloading nab_resolver-0.0.12-py3-none-any.whl.metadata (1.6 kB)
Collecting pyproject-hooks>=1.2 (from nab-python>=0.0.11->pipdeptree==4.2.0)
  Downloading pyproject_hooks-1.2.0-py3-none-any.whl.metadata (1.3 kB)
Collecting tomli-w>=1.2 (from nab-python>=0.0.11->pipdeptree==4.2.0)
  Downloading tomli_w-1.2.0-py3-none-any.whl.metadata (5.7 kB)
Collecting tomli>=2.0 (from nab-python>=0.0.11->pipdeptree==4.2.0)
  Downloading tomli-2.4.1-py3-none-any.whl.metadata (10 kB)
Downloading nab_index-0.0.12-py3-none-any.whl (63 kB)
Downloading nab_python-0.0.12-py3-none-any.whl (402 kB)
Downloading nab_resolver-0.0.12-py3-none-any.whl (37 kB)
Downloading build-1.5.0-py3-none-any.whl (26 kB)
Downloading installer-1.0.1-py3-none-any.whl (464 kB)
Downloading packaging-26.2-py3-none-any.whl (100 kB)
Downloading pyproject_hooks-1.2.0-py3-none-any.whl (10 kB)
Downloading tomli-2.4.1-py3-none-any.whl (14 kB)
Downloading tomli_w-1.2.0-py3-none-any.whl (6.7 kB)
Downloading truststore-0.10.4-py3-none-any.whl (18 kB)
Downloading typing_extensions-4.16.0-py3-none-any.whl (45 kB)
Downloading urllib3-2.7.0-py3-none-any.whl (131 kB)
Building wheels for collected packages: pipdeptree
  Building wheel for pipdeptree (pyproject.toml) ... done
  Created wheel for pipdeptree: filename=pipdeptree-4.2.0-cp314-abi3-macosx_10_12_x86_64.whl size=1697059 sha256=a83aeb6f0667f4aa6cb7cdbde547eb5bcd0c56047665632f74d70446fadadc98
  Stored in directory: /private/tmp/pip-ephem-wheel-cache-kalxpttj/wheels/6f/37/4b/c90fe8019edbf4e5facc42afe9206d731c2201cc013e61fec9
Successfully built pipdeptree
Installing collected packages: urllib3, typing-extensions, truststore, tomli-w, tomli, pyproject-hooks, packaging, installer, nab-resolver, nab-index, build, nab-python, pipdeptree
  Attempting uninstall: urllib3
    Found existing installation: urllib3 2.7.0
    Uninstalling urllib3-2.7.0:
      Successfully uninstalled urllib3-2.7.0
  Attempting uninstall: typing-extensions
    Found existing installation: typing_extensions 4.16.0
    Uninstalling typing_extensions-4.16.0:
      Successfully uninstalled typing_extensions-4.16.0
  Attempting uninstall: truststore
    Found existing installation: truststore 0.10.4
    Uninstalling truststore-0.10.4:
      Successfully uninstalled truststore-0.10.4
  Attempting uninstall: tomli-w
    Found existing installation: tomli_w 1.2.0
    Uninstalling tomli_w-1.2.0:
      Successfully uninstalled tomli_w-1.2.0
  Attempting uninstall: tomli
    Found existing installation: tomli 2.4.1
    Uninstalling tomli-2.4.1:
      Successfully uninstalled tomli-2.4.1
  Attempting uninstall: pyproject-hooks
    Found existing installation: pyproject_hooks 1.2.0
    Uninstalling pyproject_hooks-1.2.0:
      Successfully uninstalled pyproject_hooks-1.2.0
  Attempting uninstall: packaging
    Found existing installation: packaging 26.2
    Uninstalling packaging-26.2:
      Successfully uninstalled packaging-26.2
  Attempting uninstall: installer
    Found existing installation: installer 1.0.1
    Uninstalling installer-1.0.1:
      Successfully uninstalled installer-1.0.1
  Attempting uninstall: nab-resolver
    Found existing installation: nab-resolver 0.0.12
    Uninstalling nab-resolver-0.0.12:
      Successfully uninstalled nab-resolver-0.0.12
  Attempting uninstall: nab-index
    Found existing installation: nab-index 0.0.12
    Uninstalling nab-index-0.0.12:
      Successfully uninstalled nab-index-0.0.12
  Attempting uninstall: build
    Found existing installation: build 1.5.0
    Uninstalling build-1.5.0:
      Successfully uninstalled build-1.5.0
   ━━━━━━━━━━━━━━━━━━━━━━━━━━━━━━╸━━━━━━━━━ 10/13 [build]  WARNING: The script pyproject-build is installed in '/opt/local/Library/Frameworks/Python.framework/Versions/3.14/bin' which is not on PATH.
  Consider adding this directory to PATH or, if you prefer to suppress this warning, use --no-warn-script-location.
  Attempting uninstall: nab-python
    Found existing installation: nab-python 0.0.12
    Uninstalling nab-python-0.0.12:
      Successfully uninstalled nab-python-0.0.12
   ━━━━━━━━━━━━━━━━━━━━━━━━━━━━━━━━━╸━━━━━━ 11/13 [nab-python]  WARNING: The script pipdeptree is installed in '/opt/local/Library/Frameworks/Python.framework/Versions/3.14/bin' which is not on PATH.
  Consider adding this directory to PATH or, if you prefer to suppress this warning, use --no-warn-script-location.
Successfully installed build-1.5.0 installer-1.0.1 nab-index-0.0.12 nab-python-0.0.12 nab-resolver-0.0.12 packaging-26.2 pipdeptree-4.2.0 pyproject-hooks-1.2.0 tomli-2.4.1 tomli-w-1.2.0 truststore-0.10.4 typing-extensions-4.16.0 urllib3-2.7.0
WARNING: Running pip as the 'root' user can result in broken permissions and conflicting behaviour with the system package manager, possibly rendering your system unusable. It is recommended to use a virtual environment instead: https://pip.pypa.io/warnings/venv. Use the --root-user-action option if you know what you are doing and want to suppress this warning.

Listed the new _rust* files and noticed __rust.abi3.so_

`$ ls -l /opt/local/Library/Frameworks/Python.framework/Versions/3.14/lib/python3.14/site-packages/pipdeptree/_rust*`
-rw-r--r--  1 root  wheel  3871900  4 Aug 15:29 /opt/local/Library/Frameworks/Python.framework/Versions/3.14/lib/python3.14/site-packages/pipdeptree/_rust.abi3.so
-rw-r--r--  1 root  wheel      502  4 Aug 15:29 /opt/local/Library/Frameworks/Python.framework/Versions/3.14/lib/python3.14/site-packages/pipdeptree/_rust.pyi


Ran some basic diagnostic tests:

`$ python3.14 -c "import pipdeptree._rust as r; print(r.version())"`
4.2.0

`$ python3.14 -c "import pipdeptree._rust as r; print(r.engine())"`
rust

`$ python3.14 -m pipdeptree --version`
4.2.0

And no "Segmentation Fault: 11" error

`$ python3.14 -m pip show pipdeptree`
Name: pipdeptree
Version: 4.2.0
Summary: Command line utility to show dependency tree of packages.
Home-page: https://github.com/tox-dev/pipdeptree
Author: 
Author-email: 
License-Expression: MIT
Location: /opt/local/Library/Frameworks/Python.framework/Versions/3.14/lib/python3.14/site-packages
Requires: nab-index, nab-python
Required-by: 

```
$ otool -L \
/opt/local/Library/Frameworks/Python.framework/Versions/3.14/lib/python3.14/site-packages/pipdeptree/_rust.abi3.so
```
/opt/local/Library/Frameworks/Python.framework/Versions/3.14/lib/python3.14/site-packages/pipdeptree/_rust.abi3.so:
	/private/tmp/pip-install-lk13q_l5/pipdeptree_cd25784c3a974bd3a7a7bd8207039d50/.mesonpy-8nu7hneu/cargo-target/release/deps/lib_pipdeptree.dylib (compatibility version 0.0.0, current version 0.0.0)
	/usr/lib/libiconv.2.dylib (compatibility version 7.0.0, current version 7.0.0)
	/usr/lib/libSystem.B.dylib (compatibility version 1.0.0, current version 1252.0.0)

```
$ file \
/opt/local/Library/Frameworks/Python.framework/Versions/3.14/lib/python3.14/site-packages/pipdeptree/_rust.abi3.so
```
/opt/local/Library/Frameworks/Python.framework/Versions/3.14/lib/python3.14/site-packages/pipdeptree/_rust.abi3.so: Mach-O 64-bit dynamically linked shared library x86_64

`$ ls -al /opt/local/bin/pipdeptree3.14`
lrwxr-xr-x  1 root  wheel  75  7 Jan  2026 /opt/local/bin/pipdeptree3.14 -> /opt/local/Library/Frameworks/Python.framework/Versions/3.14/bin/pipdeptree

Finally ran pipdeptree3.14 and...

`$ pipdeptree3.14`
aiohttp==3.14.3
┣━━ ✓ aiohappyeyeballs required: >=2.5.0 installed: 2.7.1
┣━━ ✓ aiosignal required: >=1.4.0 installed: 1.4.0
┃   ┗━━ ✓ frozenlist required: >=1.1.0 installed: 1.8.0
┣━━ ✓ attrs required: >=17.3.0 installed: 26.1.0
┣━━ ✓ frozenlist required: >=1.1.1 installed: 1.8.0
┣━━ ✓ multidict required: >=4.5,<7.0 installed: 6.7.1
┣━━ ✓ propcache required: >=0.2.0 installed: 0.5.2
┗━━ ✓ yarl required: >=1.17.0,<2.0 installed: 1.24.5
    ┣━━ ✓ idna required: >=2.0 installed: 3.18
    ┣━━ ✓ multidict required: >=4.0 installed: 6.7.1
    ┗━━ ✓ propcache required: >=0.2.1 installed: 0.5.2
autopep8==2.3.2
┗━━ ✓ pycodestyle required: >=2.12.0 installed: 2.14.0
black==26.5.1
┣━━ ✓ click required: >=8.0.0 installed: 8.4.2
┣━━ ✓ mypy_extensions required: >=0.4.3 installed: 1.1.0
┣━━ ✓ packaging required: >=22.0 installed: 26.2
┣━━ ✓ pathspec required: >=1.0.0 installed: 1.1.1
┣━━ ✓ platformdirs required: >=2 installed: 4.11.0
┗━━ ✓ pytokens required: ~=0.4.0 installed: 0.4.1
Cython==3.2.9
Mako==1.3.12
┗━━ ✓ MarkupSafe required: >=0.9.2 installed: 3.0.3
Markdown==3.10.3
meson==1.11.2
mypy==2.3.0
┣━━ ✓ ast_serialize required: >=0.6.0,<1.0.0 installed: 0.6.0
┣━━ ✓ librt required: >=0.13.0 installed: 0.13.0
┣━━ ✓ mypy_extensions required: >=1.0.0 installed: 1.1.0
┣━━ ✓ pathspec required: >=1.0.0 installed: 1.1.1
┗━━ ✓ typing_extensions required: >=4.6.0 installed: 4.16.0
pip==26.2
pipdeptree==4.2.0
┣━━ ✓ nab-index required: >=0.0.11 installed: 0.0.12
┃   ┣━━ ✓ packaging required: >=24.0 installed: 26.2
┃   ┣━━ ✓ truststore required: >=0.10 installed: 0.10.4
┃   ┣━━ ✓ typing_extensions required: >=4.6 installed: 4.16.0
┃   ┗━━ ✓ urllib3 required: >=2.0 installed: 2.7.0
┗━━ ✓ nab-python required: >=0.0.11 installed: 0.0.12
    ┣━━ ✓ build required: >=1.2 installed: 1.5.0
    ┃   ┣━━ ✓ packaging required: >=24.0 installed: 26.2
    ┃   ┗━━ ✓ pyproject_hooks required: Any installed: 1.2.0
    ┣━━ ✓ installer required: >=0.7 installed: 1.0.1
    ┣━━ ✓ nab-index required: ==0.0.12 installed: 0.0.12
    ┃   ┣━━ ✓ packaging required: >=24.0 installed: 26.2
    ┃   ┣━━ ✓ truststore required: >=0.10 installed: 0.10.4
    ┃   ┣━━ ✓ typing_extensions required: >=4.6 installed: 4.16.0
    ┃   ┗━━ ✓ urllib3 required: >=2.0 installed: 2.7.0
    ┣━━ ✓ nab-resolver required: ==0.0.12 installed: 0.0.12
    ┃   ┗━━ ✓ typing_extensions required: >=4.6 installed: 4.16.0
    ┣━━ ✓ pyproject_hooks required: >=1.2 installed: 1.2.0
    ┣━━ ✓ tomli required: >=2.0 installed: 2.4.1
    ┣━━ ✓ tomli_w required: >=1.2 installed: 1.2.0
    ┗━━ ✓ typing_extensions required: >=4.6 installed: 4.16.0
pytest==9.1.1
┣━━ ✓ iniconfig required: >=1.0.1 installed: 2.3.0
┣━━ ✓ packaging required: >=22 installed: 26.2
┣━━ ✓ pluggy required: >=1.5,<2 installed: 1.6.0
┗━━ ✓ Pygments required: >=2.7.2 installed: 2.20.0
setuptools==83.0.0
wheel==0.47.0
┗━━ ✓ packaging required: >=24.0 installed: 26.2

IT WORKED!!  :-)


Some other comparative diagnostic info:

```
$ otool -L \
/opt/local/Library/Frameworks/Python.framework/Versions/3.14/lib/python3.14/site-packages/pipdeptree/_rust.abi3.so
```
/opt/local/Library/Frameworks/Python.framework/Versions/3.14/lib/python3.14/site-packages/pipdeptree/_rust.abi3.so:
	/private/tmp/pip-install-lk13q_l5/pipdeptree_cd25784c3a974bd3a7a7bd8207039d50/.mesonpy-8nu7hneu/cargo-target/release/deps/lib_pipdeptree.dylib (compatibility version 0.0.0, current version 0.0.0)
	/usr/lib/libiconv.2.dylib (compatibility version 7.0.0, current version 7.0.0)
	/usr/lib/libSystem.B.dylib (compatibility version 1.0.0, current version 1252.0.0)

```
$  otool -L \
/opt/local/Library/Frameworks/Python.framework/Versions/3.14/lib/python3.14/site-packages/pipdeptree/_rust.cpython-314-darwin.so
```
/opt/local/Library/Frameworks/Python.framework/Versions/3.14/lib/python3.14/site-packages/pipdeptree/_rust.cpython-314-darwin.so:
	/private/tmp/pip-install-qv_yk8mb/pipdeptree_dfdb67216f974e6d8d5ee3bc5fecd5c1/.mesonpy-mo6a9azo/cargo-target/release/deps/lib_pipdeptree.dylib (compatibility version 0.0.0, current version 0.0.0)
	/usr/lib/libiconv.2.dylib (compatibility version 7.0.0, current version 7.0.0)
	/usr/lib/libSystem.B.dylib (compatibility version 1.0.0, current version 1252.0.0)


`$ nm -gU /opt/local/Library/Frameworks/Python.framework/Versions/3.14/lib/python3.14/site-packages/pipdeptree/_rust.cpython-314-darwin.so | grep Py`
00000000000012f0 T _PyInit__rust

`$ nm -gU /opt/local/Library/Frameworks/Python.framework/Versions/3.14/lib/python3.14/site-packages/pipdeptree/_rust.abi3.so  | grep Py`
0000000000001590 T _PyInit__rust

`$ nm -gU /private/tmp/pip-install-qv_yk8mb/pipdeptree_dfdb67216f974e6d8d5ee3bc5fecd5c1/.mesonpy-mo6a9azo/cargo-target/release/deps/lib_pipdeptree.dylib | grep -E 'Py|_Py'`
/opt/local/libexec/llvm-10/bin/llvm-nm: error: /private/tmp/pip-install-qv_yk8mb/pipdeptree_dfdb67216f974e6d8d5ee3bc5fecd5c1/.mesonpy-mo6a9azo/cargo-target/release/deps/lib_pipdeptree.dylib: No such file or directory.

`$ nm -gU /private/tmp/pip-install-lk13q_l5/pipdeptree_cd25784c3a974bd3a7a7bd8207039d50/.mesonpy-8nu7hneu/cargo-target/release/deps/lib_pipdeptree.dylib | grep -E 'Py|_Py'`
/opt/local/libexec/llvm-10/bin/llvm-nm: error: /private/tmp/pip-install-lk13q_l5/pipdeptree_cd25784c3a974bd3a7a7bd8207039d50/.mesonpy-8nu7hneu/cargo-target/release/deps/lib_pipdeptree.dylib: Permission denied.

`$ nm -u /private/tmp/pip-install-qv_yk8mb/pipdeptree_dfdb67216f974e6d8d5ee3bc5fecd5c1/.mesonpy-mo6a9azo/cargo-target/release/deps/lib_pipdeptree.dylib | grep Py`
/opt/local/libexec/llvm-10/bin/llvm-nm: error: /private/tmp/pip-install-qv_yk8mb/pipdeptree_dfdb67216f974e6d8d5ee3bc5fecd5c1/.mesonpy-mo6a9azo/cargo-target/release/deps/lib_pipdeptree.dylib: No such file or directory.

`$ sudo find /private/tmp -name lib_pipdeptree.dylib`
(returned nothing)

`$ sudo find /private/var/root  -name lib_pipdeptree.dylib`
(returned nothing)




I have three (related) last questions:

Question 1:  I am not sure if _lib_pipdeptree.dylib_ is a build-time or run-time dependency?

Question 2:  Why is the output from both otool -L commands (above) showing:  /private/tmp/pip-install-*/pipdeptree_*/.mesonpy-*/cargo-target/release/deps/lib_pipdeptree.dylib (compatibility version 0.0.0, current version 0.0.0)  as this no longer exists?

Question 3:  Is/or could not having _lib_pipdeptree.dylib_ present be a potential problem?


I think for my setup and the testing I have done above, it implies that:

(a) python.allow_limited_api=false  =>  _rust.cpython-314-darwin.so  =>  Faulty with Segmentation Fault: 11 error

(b) python.allow_limited_api=true  =>  _rust.abi3.so  =>  Working with no errors.

and

(c) The minimal install command for pipdeptree 4.2.0 on macOS Sierra with MacPorts Python 3.14 is:

python3.14 -m pip install \
    --no-cache-dir \
    --force-reinstall \
    --config-settings=setup-args=-Dpython.allow_limited_api=true \
    pipdeptree==4.2.0

or

sudo python3.14 -m pip install \
    --no-cache-dir \
    --force-reinstall \
    --config-settings=setup-args=-Dpython.allow_limited_api=true \
    pipdeptree==4.2.0


Finally, any thoughts/comments/responses to my questions above would be appreciated.

Hope this is of help.

Thanks.

**Comment by JULWAL1** [comment]
A short follow-up to my (detailed) workaround/solution to my initial problem...   
(only the end section of my previous post above with the three questions is the important part)

I’m trying to get my head around the way the _meson.build_ file (and the other relevant related files) decides on how the value of _python.allow_limited_api_ gets set, just before building the wheel containing _**either**_ __rust.abi3.so_   _**or**_   __rust.cpython-314-darwin.so_ , and **_why_** it decided to build __rust.cpython-314-darwin.so_ in my case wrt macOS Sierra.  

Also, on macOS Catalina, `otool -L _rust.abi3.so` shows: /Users/runner/work/pipdeptree/pipdeptree/.mesonpy-yymlkhgk/cargo-target/release/deps/lib_pipdeptree.dylib (compatibility version 0.0.0, current version 0.0.0) - is this normal?

And on my macOS Sierra, it shows:  /private/tmp/pip-install-*/pipdeptree_*/.mesonpy-*/cargo-target/release/deps/lib_pipdeptree.dylib (compatibility version 0.0.0, current version 0.0.0) - I assume because it is local to my Mac and was either downloaded or built?

**Comment by JULWAL1** [comment]
Today, I was just looking through the discussion pages for the first time and noticed that my issue is kind of semi-related to:

https://github.com/tox-dev/pipdeptree/discussions/642 and https://github.com/tox-dev/pipdeptree/pull/643

It looks like the meson.build / tox.toml and pyproject.toml are the related files I was referring to above (in my previous post).

Any feedback/responses wrt my previous post would be appreciated.

Thanks.

**Comment by JULWAL1** [comment]
Just a quick update on how to get pipdeptree 4.2.1 to run macOS Sierra 10.12.6 for my setup with the following installed:

MacPorts Python:

  python313 @3.13.15_0+lto+optimizations (active)
  python314 @3.14.7_0+lto+optimizations (active)

And my custom Python 3.14 - installed in:  /opt/local/bin/python3.14-sierra/

  Python 3.14.7 (tags/v3.14.7-dirty:823f0323ee6, Aug 10 2026, 17:51:30) [Clang 9.0.0 (clang-900.0.39.2)]

And Python3.13 set as my default Python.

Also, with the latest versions of _pip_, _setuptools_, _meson_, _python_, _build_, _packaging_ and _wheel_  installed for each Python installation (either via MacPorts and/or pip).


My custom Rust/Cargo - installed in:  /opt/local/rust-custom/
(With PATH setup to look in: /opt/local/rust-custom/bin  before MacPorts “capped” Rust/Cargo versions)

  `eval $(which rustc) --version ; eval $(which cargo) --version`
  rustc 1.92.0-dev
  cargo 1.92.0-dev (344c4567c 2025-10-21)


Note: I created symbolic links when I first installed pipdeptree for the two python3.14 installations above:

```
ls -al /opt/local/bin/pipdeptree*
lrwxr-xr-x  1 root  wheel  75  7 Jan  2026 /opt/local/bin/pipdeptree3.14 -> /opt/local/Library/Frameworks/Python.framework/Versions/3.14/bin/pipdeptree
lrwxr-xr-x  1 root  wheel  45  7 Jan  2026 /opt/local/bin/pipdeptree3.14-custom -> /opt/local/python3.14-sierra/bin/pipdeptree

```

And similarly for pip:

```
ls -al /opt/local/bin/pip3.13 /opt/local/bin/pip3.14 /opt/local/bin/pip3.14-custom`
lrwxr-xr-x  1 root  wheel  68 25 Nov  2025 /opt/local/bin/pip3.13 -> /opt/local/Library/Frameworks/Python.framework/Versions/3.13/bin/pip
lrwxr-xr-x  1 root  wheel  68 25 Nov  2025 /opt/local/bin/pip3.14 -> /opt/local/Library/Frameworks/Python.framework/Versions/3.14/bin/pip
lrwxr-xr-x  1 root  wheel  42 11 Aug 14:31 /opt/local/bin/pip3.14-custom -> /opt/local/python3.14-sierra/bin/pip
```


Step 1:

I first uninstalled pipdeptree 4.2.0 from all three python installations:

```
  sudo pip3.13 uninstall pipdeptree

  sudo pip3.14 uninstall pipdeptree

  sudo pip3.14-custom uninstall pipdeptree
```


Step 2:

To get pipdeptree to locally-build _rust.abi3.so for each python installation - i.e.
  
  /opt/local/Library/Frameworks/Python.framework/Versions/3.13/lib/python3.13/site-packages/pipdeptree/_rust.abi3.so
  /opt/local/Library/Frameworks/Python.framework/Versions/3.14/lib/python3.14/site-packages/pipdeptree/_rust.abi3.so
  /opt/local/python3.14-sierra/lib/python3.14/site-packages/pipdeptree/_rust.abi3.so

Run:

```
  sudo pip3.13  install pipdeptree —no-cache-dir --config-settings=setup-args=-Dpython.allow_limited_api=true

  sudo pip3.14  install pipdeptree —no-cache-dir --config-settings=setup-args=-Dpython.allow_limited_api=true

  sudo pip3.14-custom  install pipdeptree —no-cache-dir --config-settings=setup-args=-Dpython.allow_limited_api=true
```


Step 3:

`pipdeptree --version`   _or_   `/opt/local/Library/Frameworks/Python.framework/Versions/3.13/bin/pipdeptree`
4.2.1

`pipdeptree3.14 --version`   _or_   `/opt/local/bin/pipdeptree3.14` see above
4.2.1

`pipdeptree3.14-custom --version`  _or_   `/opt/local/bin/pipdeptree3.14-custom`
4.2.1


Step 4:

A quick diagnostic check:

```
otool -L \
/opt/local/Library/Frameworks/Python.framework/Versions/3.13/lib/python3.13/site-packages/pipdeptree/_rust.abi3.so  \
/opt/local/Library/Frameworks/Python.framework/Versions/3.14/lib/python3.14/site-packages/pipdeptree/_rust.abi3.so   \
/opt/local/python3.14-sierra/lib/python3.14/site-packages/pipdeptree/_rust.abi3.so 
```


/opt/local/Library/Frameworks/Python.framework/Versions/3.13/lib/python3.13/site-packages/pipdeptree/_rust.abi3.so:
	/private/tmp/pip-install-on0rrbb3/pipdeptree_233781ad37b147a6bf16306b721c0085/.mesonpy-12jinmrn/cargo-target/release/deps/lib_pipdeptree.dylib (compatibility version 0.0.0, current version 0.0.0)
	/usr/lib/libiconv.2.dylib (compatibility version 7.0.0, current version 7.0.0)
	/usr/lib/libSystem.B.dylib (compatibility version 1.0.0, current version 1252.0.0)

/opt/local/Library/Frameworks/Python.framework/Versions/3.14/lib/python3.14/site-packages/pipdeptree/_rust.abi3.so:
	/private/tmp/pip-install-hpfncgqq/pipdeptree_b8d0c529e7f143588ae185dd76deb5e3/.mesonpy-q1pycyxs/cargo-target/release/deps/lib_pipdeptree.dylib (compatibility version 0.0.0, current version 0.0.0)
	/usr/lib/libiconv.2.dylib (compatibility version 7.0.0, current version 7.0.0)
	/usr/lib/libSystem.B.dylib (compatibility version 1.0.0, current version 1252.0.0)

/opt/local/python3.14-sierra/lib/python3.14/site-packages/pipdeptree/_rust.abi3.so:
	/private/tmp/pip-install-66jrq8h5/pipdeptree_59badc19cb1d49769912060bdc2f9a52/.mesonpy-gjn30npo/cargo-target/release/deps/lib_pipdeptree.dylib (compatibility version 0.0.0, current version 0.0.0)
	/usr/lib/libiconv.2.dylib (compatibility version 7.0.0, current version 7.0.0)
	/usr/lib/libSystem.B.dylib (compatibility version 1.0.0, current version 1252.0.0)


_*BOTTOM LINE*_ 

Without using the pip install  option: ` config-settings=setup-args=-Dpython.allow_limited_api=true`   I would still be getting the “Segmentation fault: 11” error for both python3.14 and python3.14-custom on macOS Sierra.

I hope this is helpful to anyone still using a _*legacy macOS*_.



FYI:  macOS Catalina has no issues installing (or upgrading to) pipdeptree 4.2.1 (for Python3.13 / Python 3.14 / Python3.14-custom) as it creates / installs pre-built _rust.abi3.so files by default:

```
ls -al  /opt/local//Library/Frameworks/Python.framework/Versions/3.13/lib/python3.13/site-packages/pipdeptree/_rust.abi3.so  \
/opt/local/Library/Frameworks/Python.framework/Versions/3.14/lib/python3.14/site-packages/pipdeptree/_rust.abi3.so  \
/opt/local/python3.14-catalina/lib/python3.14/site-packages/pipdeptree/_rust.abi3.so
-rw-r--r--  1 root  wheel  3712464 15 Aug 19:02 /opt/local/Library/Frameworks/Python.framework/Versions/3.13/lib/python3.13/site-packages/pipdeptree/_rust.abi3.so
-rw-r--r--  1 root  wheel  3712464 15 Aug 19:02 /opt/local/Library/Frameworks/Python.framework/Versions/3.14/lib/python3.14/site-packages/pipdeptree/_rust.abi3.so
-rw-r--r--  1 root  wheel  3712464 15 Aug 19:02 /opt/local/python3.14-catalina/lib/python3.14/site-packages/pipdeptree/_rust.abi3.so
```

Each showing:

```
  otool -L  _rust.abi3.so
  	/Users/runner/cargo-target/release/deps/lib_pipdeptree.dylib (compatibility version 0.0.0, current version 0.0.0)
  	/usr/lib/libiconv.2.dylib (compatibility version 7.0.0, current version 7.0.0)
  	/usr/lib/libSystem.B.dylib (compatibility version 1.0.0, current version 1351.0.0)
```
and all _rust.abi3.so files seem to be identical in _size_ , _date_ and _contents_ (using the `diff` command).
